05-02 15:20:56 replicate_layout.action_replicate_layout 305:Plugin executed on: 'win32'
05-02 15:20:56 replicate_layout.action_replicate_layout 306:Plugin executed with python version: '2.7.16 (default, Aug 15 2019, 17:51:40)  [GCC 9.2.0 64 bit (AMD64)]'
05-02 15:20:56 replicate_layout.action_replicate_layout 307:KiCad build version: Unknown
05-02 15:20:56 replicate_layout.action_replicate_layout 308:Replicate layout plugin version: 64 started
05-02 15:20:56 replicate_layout.action_replicate_layout 340:Preparing replicator with J301 as a reference
05-02 15:20:56 replicate_layout.replicatelayout 211:getting project hierarchy from schematics
05-02 15:20:56 replicate_layout.replicatelayout 213:Project hierarchy looks like:
{'5CC75215': ['Motortreiber14', u'D:\\Projekte\\Getraenkemixer\\Getraenkeautomat002\\Hardware\\Motortreiber002\\Motortreiber.sch'], '5CC65644': ['Motortreiber7', u'D:\\Projekte\\Getraenkemixer\\Getraenkeautomat002\\Hardware\\Motortreiber002\\Motortreiber.sch'], '5CB48D70': ['Motortreiber4', u'D:\\Projekte\\Getraenkemixer\\Getraenkeautomat002\\Hardware\\Motortreiber002\\Motortreiber.sch'], '5CC7522D': ['Motortreiber12', u'D:\\Projekte\\Getraenkemixer\\Getraenkeautomat002\\Hardware\\Motortreiber002\\Motortreiber.sch'], '5CAFB649': ['Motortreiber2', u'D:\\Projekte\\Getraenkemixer\\Getraenkeautomat002\\Hardware\\Motortreiber002\\Motortreiber.sch'], '5CC7521D': ['Motortreiber15', u'D:\\Projekte\\Getraenkemixer\\Getraenkeautomat002\\Hardware\\Motortreiber002\\Motortreiber.sch'], '5CC655DA': ['Motortreiber9', u'D:\\Projekte\\Getraenkemixer\\Getraenkeautomat002\\Hardware\\Motortreiber002\\Motortreiber.sch'], '5CC4B548': ['Motortreiber11', u'D:\\Projekte\\Getraenkemixer\\Getraenkeautomat002\\Hardware\\Motortreiber002\\Motortreiber.sch'], '5CAF974C': ['Stromversorgung', u'D:\\Projekte\\Getraenkemixer\\Getraenkeautomat002\\Hardware\\Motortreiber002\\Stromversorgung.sch'], '5CC65665': ['Motortreiber6', u'D:\\Projekte\\Getraenkemixer\\Getraenkeautomat002\\Hardware\\Motortreiber002\\Motortreiber.sch'], '5CB4900E': ['Motortreiber5', u'D:\\Projekte\\Getraenkemixer\\Getraenkeautomat002\\Hardware\\Motortreiber002\\Motortreiber.sch'], '5CBEA5F1': ['Motortreiber1', u'D:\\Projekte\\Getraenkemixer\\Getraenkeautomat002\\Hardware\\Motortreiber002\\Motortreiber.sch'], '5CB22923': ['Controller', u'D:\\Projekte\\Getraenkemixer\\Getraenkeautomat002\\Hardware\\Motortreiber002\\Controller.sch'], '5CC655CA': ['Motortreiber10', u'D:\\Projekte\\Getraenkemixer\\Getraenkeautomat002\\Hardware\\Motortreiber002\\Motortreiber.sch'], '5CC655E2': ['Motortreiber8', u'D:\\Projekte\\Getraenkemixer\\Getraenkeautomat002\\Hardware\\Motortreiber002\\Motortreiber.sch'], '5CC75225': ['Motortreiber13', u'D:\\Projekte\\Getraenkemixer\\Getraenkeautomat002\\Hardware\\Motortreiber002\\Motortreiber.sch'], '5CBF1A9C': ['Motortreiber0', u'D:\\Projekte\\Getraenkemixer\\Getraenkeautomat002\\Hardware\\Motortreiber002\\Motortreiber.sch'], '5CAFBDFD': ['Motortreiber3', u'D:\\Projekte\\Getraenkemixer\\Getraenkeautomat002\\Hardware\\Motortreiber002\\Motortreiber.sch']}
05-02 15:20:56 replicate_layout.replicatelayout 221:getting a list of all footprints on board
05-02 15:20:56 replicate_layout.action_replicate_layout 367:source anchor footprint is u'J301'
Located on:['Motortreiber5']
With filenames:[u'Motortreiber.sch']
With sheet_id:['Motortreiber5']
05-02 15:20:56 replicate_layout.action_replicate_layout 371:Corresponding footprints are 
[(u'J1801', ['Motortreiber15']), (u'J1001', ['Motortreiber14']), (u'J1101', ['Motortreiber13']), (u'J1201', ['Motortreiber12']), (u'J1901', ['Motortreiber11']), (u'J1701', ['Motortreiber10']), (u'J801', ['Motortreiber9']), (u'J1501', ['Motortreiber8']), (u'J1401', ['Motortreiber7']), (u'J901', ['Motortreiber6']), (u'J301', ['Motortreiber5']), (u'J1601', ['Motortreiber4']), (u'J401', ['Motortreiber3']), (u'J1301', ['Motortreiber2']), (u'J601', ['Motortreiber1']), (u'J701', ['Motortreiber0'])]
05-02 15:20:56 replicate_layout.action_replicate_layout 384:Showing dialog
05-02 15:20:56 replicate_layout.action_replicate_layout 388:Pcbnew position: wx.Point(-11, -11)
05-02 15:20:56 replicate_layout.action_replicate_layout 394:Display 0: wx.Rect(0, 0, 3840, 2160)
05-02 15:20:56 replicate_layout.action_replicate_layout 398:Toolbar position: wx.Point(3478, 162)
05-02 15:20:56 replicate_layout.action_replicate_layout 405:Dialog position: wx.Point(3165, 162)
05-02 15:21:01 replicate_layout.replicatelayout 245:construcing a list of sheets suitable for replication on level:'Motortreiber5', file:u'Motortreiber.sch'
05-02 15:21:01 replicate_layout.replicatelayout 252:Source sheet path up to the level:['Motortreiber5']
05-02 15:21:01 replicate_layout.replicatelayout 256:Footprints on the sheets:
[u'J1801', u'J1001', u'J1101', u'J1201', u'J1901', u'J1701', u'J801', u'J1501', u'J1401', u'J901', u'J301', u'J1601', u'J401', u'J1301', u'J601', u'J701']
05-02 15:21:01 replicate_layout.replicatelayout 259:Footprints raw sheet ids:
[u'/5CC7521D/5EAC1717', u'/5CC75215/5EAC1717', u'/5CC75225/5EAC1717', u'/5CC7522D/5EAC1717', u'/5CC4B548/5EAC1717', u'/5CC655CA/5EAC1717', u'/5CC655DA/5EAC1717', u'/5CC655E2/5EAC1717', u'/5CC65644/5EAC1717', u'/5CC65665/5EAC1717', u'/5CB4900E/5EAC1717', u'/5CB48D70/5EAC1717', u'/5CAFBDFD/5EAC1717', u'/5CAFB649/5EAC1717', u'/5CBEA5F1/5EAC1717', u'/5CBF1A9C/5EAC1717']
05-02 15:21:01 replicate_layout.replicatelayout 275:All sheets to replicate:
[['Motortreiber15'], ['Motortreiber14'], ['Motortreiber13'], ['Motortreiber12'], ['Motortreiber11'], ['Motortreiber10'], ['Motortreiber9'], ['Motortreiber8'], ['Motortreiber7'], ['Motortreiber6'], ['Motortreiber5'], ['Motortreiber4'], ['Motortreiber3'], ['Motortreiber2'], ['Motortreiber1'], ['Motortreiber0']]
05-02 15:21:01 replicate_layout.replicatelayout 280:All sheets to replicate sorted:
[['Motortreiber0'], ['Motortreiber1'], ['Motortreiber10'], ['Motortreiber11'], ['Motortreiber12'], ['Motortreiber13'], ['Motortreiber14'], ['Motortreiber15'], ['Motortreiber2'], ['Motortreiber3'], ['Motortreiber4'], ['Motortreiber5'], ['Motortreiber6'], ['Motortreiber7'], ['Motortreiber8'], ['Motortreiber9']]
05-02 15:21:01 replicate_layout.replicatelayout 286:All sheets to replicate sorted and without source sheet:
[['Motortreiber0'], ['Motortreiber1'], ['Motortreiber10'], ['Motortreiber11'], ['Motortreiber12'], ['Motortreiber13'], ['Motortreiber14'], ['Motortreiber15'], ['Motortreiber2'], ['Motortreiber3'], ['Motortreiber4'], ['Motortreiber6'], ['Motortreiber7'], ['Motortreiber8'], ['Motortreiber9']]
05-02 15:21:14 replicate_layout.replicatelayout 245:construcing a list of sheets suitable for replication on level:'Motortreiber5', file:u'Motortreiber.sch'
05-02 15:21:14 replicate_layout.replicatelayout 252:Source sheet path up to the level:['Motortreiber5']
05-02 15:21:14 replicate_layout.replicatelayout 256:Footprints on the sheets:
[u'J1801', u'J1001', u'J1101', u'J1201', u'J1901', u'J1701', u'J801', u'J1501', u'J1401', u'J901', u'J301', u'J1601', u'J401', u'J1301', u'J601', u'J701']
05-02 15:21:14 replicate_layout.replicatelayout 259:Footprints raw sheet ids:
[u'/5CC7521D/5EAC1717', u'/5CC75215/5EAC1717', u'/5CC75225/5EAC1717', u'/5CC7522D/5EAC1717', u'/5CC4B548/5EAC1717', u'/5CC655CA/5EAC1717', u'/5CC655DA/5EAC1717', u'/5CC655E2/5EAC1717', u'/5CC65644/5EAC1717', u'/5CC65665/5EAC1717', u'/5CB4900E/5EAC1717', u'/5CB48D70/5EAC1717', u'/5CAFBDFD/5EAC1717', u'/5CAFB649/5EAC1717', u'/5CBEA5F1/5EAC1717', u'/5CBF1A9C/5EAC1717']
05-02 15:21:14 replicate_layout.replicatelayout 275:All sheets to replicate:
[['Motortreiber15'], ['Motortreiber14'], ['Motortreiber13'], ['Motortreiber12'], ['Motortreiber11'], ['Motortreiber10'], ['Motortreiber9'], ['Motortreiber8'], ['Motortreiber7'], ['Motortreiber6'], ['Motortreiber5'], ['Motortreiber4'], ['Motortreiber3'], ['Motortreiber2'], ['Motortreiber1'], ['Motortreiber0']]
05-02 15:21:14 replicate_layout.replicatelayout 280:All sheets to replicate sorted:
[['Motortreiber0'], ['Motortreiber1'], ['Motortreiber10'], ['Motortreiber11'], ['Motortreiber12'], ['Motortreiber13'], ['Motortreiber14'], ['Motortreiber15'], ['Motortreiber2'], ['Motortreiber3'], ['Motortreiber4'], ['Motortreiber5'], ['Motortreiber6'], ['Motortreiber7'], ['Motortreiber8'], ['Motortreiber9']]
05-02 15:21:14 replicate_layout.replicatelayout 286:All sheets to replicate sorted and without source sheet:
[['Motortreiber0'], ['Motortreiber1'], ['Motortreiber10'], ['Motortreiber11'], ['Motortreiber12'], ['Motortreiber13'], ['Motortreiber14'], ['Motortreiber15'], ['Motortreiber2'], ['Motortreiber3'], ['Motortreiber4'], ['Motortreiber6'], ['Motortreiber7'], ['Motortreiber8'], ['Motortreiber9']]
05-02 15:21:14 replicate_layout.action_replicate_layout 179:Replicating layout
05-02 15:21:14 replicate_layout.replicatelayout 986:Starting replication of sheets: [['Motortreiber0'], ['Motortreiber1'], ['Motortreiber10'], ['Motortreiber11'], ['Motortreiber12'], ['Motortreiber13'], ['Motortreiber14'], ['Motortreiber15'], ['Motortreiber2'], ['Motortreiber3'], ['Motortreiber4'], ['Motortreiber6'], ['Motortreiber7'], ['Motortreiber8'], ['Motortreiber9']]
on level: ['Motortreiber5']
with tracks=True, zone=True, text=True, containing=False, remove=False, locked=False
05-02 15:21:14 root 261:updating GUI message: 'Preparing for replication'
05-02 15:21:14 replicate_layout.replicatelayout 552:Getting the list of source footprints
05-02 15:21:14 replicate_layout.replicatelayout 556:Getting the list of all the remaining footprints
05-02 15:21:14 replicate_layout.replicatelayout 560:Getting nets local to source footprints
05-02 15:21:14 replicate_layout.replicatelayout 564:Getting source bounding box
05-02 15:21:14 root 266:updating GUI with: 37
05-02 15:21:14 replicate_layout.replicatelayout 568:Getting source tracks
05-02 15:21:14 replicate_layout.replicatelayout 572:Getting source zones
05-02 15:21:14 root 266:updating GUI with: 62
05-02 15:21:14 replicate_layout.replicatelayout 576:Getting source text items
05-02 15:21:14 replicate_layout.replicatelayout 580:Getting source text items
05-02 15:21:14 root 261:updating GUI message: 'Replicating footprints'
05-02 15:21:14 replicate_layout.replicatelayout 586:Replicating footprints
05-02 15:21:14 replicate_layout.replicatelayout 592:Replicating footprints on sheet ['Motortreiber0']
05-02 15:21:14 root 266:updating GUI with: 2
05-02 15:21:14 root 266:updating GUI with: 5
05-02 15:21:14 replicate_layout.replicatelayout 592:Replicating footprints on sheet ['Motortreiber1']
05-02 15:21:14 root 266:updating GUI with: 9
05-02 15:21:14 root 266:updating GUI with: 12
05-02 15:21:14 replicate_layout.replicatelayout 592:Replicating footprints on sheet ['Motortreiber10']
05-02 15:21:14 root 266:updating GUI with: 16
05-02 15:21:14 root 266:updating GUI with: 19
05-02 15:21:14 replicate_layout.replicatelayout 592:Replicating footprints on sheet ['Motortreiber11']
05-02 15:21:14 root 266:updating GUI with: 22
05-02 15:21:14 root 266:updating GUI with: 25
05-02 15:21:14 replicate_layout.replicatelayout 592:Replicating footprints on sheet ['Motortreiber12']
05-02 15:21:14 root 266:updating GUI with: 29
05-02 15:21:14 root 266:updating GUI with: 32
05-02 15:21:14 replicate_layout.replicatelayout 592:Replicating footprints on sheet ['Motortreiber13']
05-02 15:21:14 root 266:updating GUI with: 36
05-02 15:21:14 root 266:updating GUI with: 39
05-02 15:21:14 replicate_layout.replicatelayout 592:Replicating footprints on sheet ['Motortreiber14']
05-02 15:21:14 root 266:updating GUI with: 42
05-02 15:21:14 root 266:updating GUI with: 45
05-02 15:21:14 replicate_layout.replicatelayout 592:Replicating footprints on sheet ['Motortreiber15']
05-02 15:21:14 root 266:updating GUI with: 49
05-02 15:21:14 root 266:updating GUI with: 52
05-02 15:21:14 replicate_layout.replicatelayout 592:Replicating footprints on sheet ['Motortreiber2']
05-02 15:21:14 root 266:updating GUI with: 56
05-02 15:21:14 root 266:updating GUI with: 59
05-02 15:21:14 replicate_layout.replicatelayout 592:Replicating footprints on sheet ['Motortreiber3']
05-02 15:21:14 root 266:updating GUI with: 62
05-02 15:21:14 root 266:updating GUI with: 65
05-02 15:21:14 replicate_layout.replicatelayout 592:Replicating footprints on sheet ['Motortreiber4']
05-02 15:21:14 root 266:updating GUI with: 69
05-02 15:21:14 root 266:updating GUI with: 72
05-02 15:21:14 replicate_layout.replicatelayout 592:Replicating footprints on sheet ['Motortreiber6']
05-02 15:21:14 root 266:updating GUI with: 76
05-02 15:21:14 root 266:updating GUI with: 79
05-02 15:21:14 replicate_layout.replicatelayout 592:Replicating footprints on sheet ['Motortreiber7']
05-02 15:21:14 root 266:updating GUI with: 82
05-02 15:21:14 root 266:updating GUI with: 85
05-02 15:21:14 replicate_layout.replicatelayout 592:Replicating footprints on sheet ['Motortreiber8']
05-02 15:21:14 root 266:updating GUI with: 89
05-02 15:21:14 root 266:updating GUI with: 92
05-02 15:21:14 replicate_layout.replicatelayout 592:Replicating footprints on sheet ['Motortreiber9']
05-02 15:21:14 root 266:updating GUI with: 96
05-02 15:21:14 root 266:updating GUI with: 99
05-02 15:21:14 root 261:updating GUI message: 'Replicating tracks'
05-02 15:21:14 replicate_layout.replicatelayout 712:Replicating tracks
05-02 15:21:14 replicate_layout.replicatelayout 718:Replicating tracks on sheet ['Motortreiber0']
05-02 15:21:14 root 266:updating GUI with: 0
05-02 15:21:14 replicate_layout.replicatelayout 718:Replicating tracks on sheet ['Motortreiber1']
05-02 15:21:14 root 266:updating GUI with: 6
05-02 15:21:14 replicate_layout.replicatelayout 718:Replicating tracks on sheet ['Motortreiber10']
05-02 15:21:14 root 266:updating GUI with: 13
05-02 15:21:14 replicate_layout.replicatelayout 718:Replicating tracks on sheet ['Motortreiber11']
05-02 15:21:14 root 266:updating GUI with: 20
05-02 15:21:14 replicate_layout.replicatelayout 718:Replicating tracks on sheet ['Motortreiber12']
05-02 15:21:14 root 266:updating GUI with: 26
05-02 15:21:14 replicate_layout.replicatelayout 718:Replicating tracks on sheet ['Motortreiber13']
05-02 15:21:14 root 266:updating GUI with: 33
05-02 15:21:14 replicate_layout.replicatelayout 718:Replicating tracks on sheet ['Motortreiber14']
05-02 15:21:14 root 266:updating GUI with: 40
05-02 15:21:14 replicate_layout.replicatelayout 718:Replicating tracks on sheet ['Motortreiber15']
05-02 15:21:14 root 266:updating GUI with: 46
05-02 15:21:14 replicate_layout.replicatelayout 718:Replicating tracks on sheet ['Motortreiber2']
05-02 15:21:14 root 266:updating GUI with: 53
05-02 15:21:14 replicate_layout.replicatelayout 718:Replicating tracks on sheet ['Motortreiber3']
05-02 15:21:14 root 266:updating GUI with: 60
05-02 15:21:14 replicate_layout.replicatelayout 718:Replicating tracks on sheet ['Motortreiber4']
05-02 15:21:14 root 266:updating GUI with: 66
05-02 15:21:14 replicate_layout.replicatelayout 718:Replicating tracks on sheet ['Motortreiber6']
05-02 15:21:14 root 266:updating GUI with: 73
05-02 15:21:14 root 266:updating GUI with: 79
05-02 15:21:14 replicate_layout.replicatelayout 718:Replicating tracks on sheet ['Motortreiber7']
05-02 15:21:14 root 266:updating GUI with: 80
05-02 15:21:14 root 266:updating GUI with: 85
05-02 15:21:14 replicate_layout.replicatelayout 718:Replicating tracks on sheet ['Motortreiber8']
05-02 15:21:14 root 266:updating GUI with: 86
05-02 15:21:14 root 266:updating GUI with: 91
05-02 15:21:14 replicate_layout.replicatelayout 718:Replicating tracks on sheet ['Motortreiber9']
05-02 15:21:14 root 266:updating GUI with: 93
05-02 15:21:14 root 266:updating GUI with: 98
05-02 15:21:14 root 261:updating GUI message: 'Replicating zones'
05-02 15:21:14 replicate_layout.replicatelayout 763:Replicating zones
05-02 15:21:14 replicate_layout.replicatelayout 770:Replicating zones on sheet ['Motortreiber0']
05-02 15:21:14 root 266:updating GUI with: 1
05-02 15:21:14 replicate_layout.replicatelayout 770:Replicating zones on sheet ['Motortreiber1']
05-02 15:21:15 root 266:updating GUI with: 8
05-02 15:21:15 replicate_layout.replicatelayout 770:Replicating zones on sheet ['Motortreiber10']
05-02 15:21:15 root 266:updating GUI with: 14
05-02 15:21:15 replicate_layout.replicatelayout 770:Replicating zones on sheet ['Motortreiber11']
05-02 15:21:15 root 266:updating GUI with: 21
05-02 15:21:15 replicate_layout.replicatelayout 770:Replicating zones on sheet ['Motortreiber12']
05-02 15:21:15 root 266:updating GUI with: 27
05-02 15:21:15 replicate_layout.replicatelayout 770:Replicating zones on sheet ['Motortreiber13']
05-02 15:21:15 root 266:updating GUI with: 34
05-02 15:21:15 replicate_layout.replicatelayout 770:Replicating zones on sheet ['Motortreiber14']
05-02 15:21:15 root 266:updating GUI with: 41
05-02 15:21:15 replicate_layout.replicatelayout 770:Replicating zones on sheet ['Motortreiber15']
05-02 15:21:15 root 266:updating GUI with: 48
05-02 15:21:15 replicate_layout.replicatelayout 770:Replicating zones on sheet ['Motortreiber2']
05-02 15:21:15 root 266:updating GUI with: 54
05-02 15:21:15 replicate_layout.replicatelayout 770:Replicating zones on sheet ['Motortreiber3']
05-02 15:21:15 root 266:updating GUI with: 61
05-02 15:21:15 replicate_layout.replicatelayout 770:Replicating zones on sheet ['Motortreiber4']
05-02 15:21:15 root 266:updating GUI with: 68
05-02 15:21:15 replicate_layout.replicatelayout 770:Replicating zones on sheet ['Motortreiber6']
05-02 15:21:15 root 266:updating GUI with: 74
05-02 15:21:15 replicate_layout.replicatelayout 770:Replicating zones on sheet ['Motortreiber7']
05-02 15:21:15 root 266:updating GUI with: 81
05-02 15:21:15 replicate_layout.replicatelayout 770:Replicating zones on sheet ['Motortreiber8']
05-02 15:21:15 root 266:updating GUI with: 88
05-02 15:21:15 replicate_layout.replicatelayout 770:Replicating zones on sheet ['Motortreiber9']
05-02 15:21:15 root 266:updating GUI with: 94
05-02 15:21:15 root 261:updating GUI message: 'Replicating text'
05-02 15:21:15 replicate_layout.replicatelayout 829:Replicating text
05-02 15:21:15 replicate_layout.replicatelayout 836:Replicating text on sheet ['Motortreiber0']
05-02 15:21:15 replicate_layout.replicatelayout 836:Replicating text on sheet ['Motortreiber1']
05-02 15:21:15 replicate_layout.replicatelayout 836:Replicating text on sheet ['Motortreiber10']
05-02 15:21:15 replicate_layout.replicatelayout 836:Replicating text on sheet ['Motortreiber11']
05-02 15:21:15 replicate_layout.replicatelayout 836:Replicating text on sheet ['Motortreiber12']
05-02 15:21:15 replicate_layout.replicatelayout 836:Replicating text on sheet ['Motortreiber13']
05-02 15:21:15 replicate_layout.replicatelayout 836:Replicating text on sheet ['Motortreiber14']
05-02 15:21:15 replicate_layout.replicatelayout 836:Replicating text on sheet ['Motortreiber15']
05-02 15:21:15 replicate_layout.replicatelayout 836:Replicating text on sheet ['Motortreiber2']
05-02 15:21:15 replicate_layout.replicatelayout 836:Replicating text on sheet ['Motortreiber3']
05-02 15:21:15 replicate_layout.replicatelayout 836:Replicating text on sheet ['Motortreiber4']
05-02 15:21:15 replicate_layout.replicatelayout 836:Replicating text on sheet ['Motortreiber6']
05-02 15:21:15 replicate_layout.replicatelayout 836:Replicating text on sheet ['Motortreiber7']
05-02 15:21:15 replicate_layout.replicatelayout 836:Replicating text on sheet ['Motortreiber8']
05-02 15:21:15 replicate_layout.replicatelayout 836:Replicating text on sheet ['Motortreiber9']
05-02 15:21:15 root 261:updating GUI message: 'Replicating drawings'
05-02 15:21:15 replicate_layout.replicatelayout 860:Replicating drawings
05-02 15:21:15 replicate_layout.replicatelayout 866:Replicating drawings on sheet ['Motortreiber0']
05-02 15:21:15 replicate_layout.replicatelayout 866:Replicating drawings on sheet ['Motortreiber1']
05-02 15:21:15 replicate_layout.replicatelayout 866:Replicating drawings on sheet ['Motortreiber10']
05-02 15:21:15 replicate_layout.replicatelayout 866:Replicating drawings on sheet ['Motortreiber11']
05-02 15:21:15 replicate_layout.replicatelayout 866:Replicating drawings on sheet ['Motortreiber12']
05-02 15:21:15 replicate_layout.replicatelayout 866:Replicating drawings on sheet ['Motortreiber13']
05-02 15:21:15 replicate_layout.replicatelayout 866:Replicating drawings on sheet ['Motortreiber14']
05-02 15:21:15 replicate_layout.replicatelayout 866:Replicating drawings on sheet ['Motortreiber15']
05-02 15:21:15 replicate_layout.replicatelayout 866:Replicating drawings on sheet ['Motortreiber2']
05-02 15:21:15 replicate_layout.replicatelayout 866:Replicating drawings on sheet ['Motortreiber3']
05-02 15:21:15 replicate_layout.replicatelayout 866:Replicating drawings on sheet ['Motortreiber4']
05-02 15:21:15 replicate_layout.replicatelayout 866:Replicating drawings on sheet ['Motortreiber6']
05-02 15:21:15 replicate_layout.replicatelayout 866:Replicating drawings on sheet ['Motortreiber7']
05-02 15:21:15 replicate_layout.replicatelayout 866:Replicating drawings on sheet ['Motortreiber8']
05-02 15:21:15 replicate_layout.replicatelayout 866:Replicating drawings on sheet ['Motortreiber9']
05-02 15:21:15 replicate_layout.action_replicate_layout 201:Replication complete
